<?xml version="1.0" encoding="UTF-8"?>
<testng-results ignored="0" total="1" passed="1" failed="0" skipped="0">
  <reporter-output>
  </reporter-output>
  <suite started-at="2023-03-19T19:50:30 IST" name="Default suite" finished-at="2023-03-19T19:50:30 IST" duration-ms="93">
    <groups>
    </groups>
    <test started-at="2023-03-19T19:50:30 IST" name="Default test" finished-at="2023-03-19T19:50:30 IST" duration-ms="93">
      <class name="practice.AllPracticedelete">
        <test-method signature="pallindromeNumber()[pri:0, instance:practice.AllPracticedelete@59662a0b]" started-at="2023-03-19T19:50:30 IST" name="pallindromeNumber" finished-at="2023-03-19T19:50:30 IST" duration-ms="20" status="PASS">
          <reporter-output>
          </reporter-output>
        </test-method> <!-- pallindromeNumber -->
      </class> <!-- practice.AllPracticedelete -->
    </test> <!-- Default test -->
  </suite> <!-- Default suite -->
</testng-results>
